<?xml version="1.0" encoding="UTF-8"?>
<!-- Generated by org.testng.reporters.JUnitXMLReporter -->
<testsuite ignored="0" hostname="LAPTOP-F3JRHJJR" failures="0" tests="5" name="ChromeTest" time="16.278" errors="0" timestamp="2025-06-05T08:37:46 IST">
  <testcase classname="testScript.LoginTest" name="verifyUserLoginWithInValidCredentials" time="1.066"/>
  <testcase classname="testScript.LoginTest" name="verifyUserLoginWithInvalidPasswordValidUsername" time="0.432"/>
  <testcase classname="testScript.LoginTest" name="verifyUserLoginWithInvalidPasswordValidUsername" time="0.375"/>
  <testcase classname="testScript.LoginTest" name="verifyUserLoginWithInvalidPasswordValidUsername" time="0.425"/>
  <testcase classname="testScript.LoginTest" name="verifyUserLoginWithValidCredentials" time="0.822"/>
</testsuite> <!-- ChromeTest -->
