<?xml version="1.0" encoding="UTF-8"?>
<!-- Generated by org.testng.reporters.JUnitXMLReporter -->
<testsuite ignored="0" hostname="LAPTOP-F3JRHJJR" failures="0" tests="6" name="EdgeeTest" time="37.124" errors="0" timestamp="2025-06-05T08:38:23 IST">
  <testcase classname="testScript.CategoryTest" name="verifyAddNewCategoryWithValidDetails" time="2.874"/>
  <testcase classname="testScript.CategoryTest" name="searchCategory" time="1.882"/>
  <testcase classname="testScript.CategoryTest" name="resetSearch" time="1.884"/>
  <testcase classname="testScript.CategoryTest" name="updateCategory" time="2.992"/>
  <testcase classname="testScript.CategoryTest" name="changeStatusOfItem" time="2.172"/>
  <testcase classname="testScript.CategoryTest" name="deleteCategoryItem" time="2.107"/>
</testsuite> <!-- EdgeeTest -->
