<?xml version="1.0" encoding="UTF-8"?>
<!-- Generated by org.testng.reporters.JUnitXMLReporter -->
<testsuite ignored="4" hostname="LAPTOP-F3JRHJJR" failures="2" tests="2" name="Test" time="0.639" errors="0" timestamp="2025-05-27T20:54:54 IST">
  <testcase classname="testScript.CategoryTest" name="verifyAddNewCategoryWithValidDetails" time="0.565">
    <failure type="java.lang.NullPointerException" message="Cannot invoke &amp;quot;org.openqa.selenium.SearchContext.findElement(org.openqa.selenium.By)&amp;quot; because &amp;quot;this.searchContext&amp;quot; is null">
      <![CDATA[java.lang.NullPointerException: Cannot invoke "org.openqa.selenium.SearchContext.findElement(org.openqa.selenium.By)" because "this.searchContext" is null
at org.openqa.selenium.support.pagefactory.DefaultElementLocator.findElement(DefaultElementLocator.java:68)
at org.openqa.selenium.support.pagefactory.internal.LocatingElementHandler.invoke(LocatingElementHandler.java:38)
at jdk.proxy2/jdk.proxy2.$Proxy12.sendKeys(Unknown Source)
at pages.LoginPage.loginByUsingExcelData(LoginPage.java:65)
at testScript.CategoryTest.verifyAddNewCategoryWithValidDetails(CategoryTest.java:25)
at java.base/java.util.ArrayList.forEach(ArrayList.java:1596)
... Removed 25 stack frames]]>
    </failure>
  </testcase> <!-- verifyAddNewCategoryWithValidDetails -->
  <testcase classname="testScript.CategoryTest" name="searchCategory" time="0.024">
    <failure type="java.lang.NullPointerException" message="Cannot invoke &amp;quot;org.openqa.selenium.SearchContext.findElement(org.openqa.selenium.By)&amp;quot; because &amp;quot;this.searchContext&amp;quot; is null">
      <![CDATA[java.lang.NullPointerException: Cannot invoke "org.openqa.selenium.SearchContext.findElement(org.openqa.selenium.By)" because "this.searchContext" is null
at org.openqa.selenium.support.pagefactory.DefaultElementLocator.findElement(DefaultElementLocator.java:68)
at org.openqa.selenium.support.pagefactory.internal.LocatingElementHandler.invoke(LocatingElementHandler.java:38)
at jdk.proxy2/jdk.proxy2.$Proxy12.sendKeys(Unknown Source)
at pages.LoginPage.loginByUsingExcelData(LoginPage.java:65)
at testScript.CategoryTest.searchCategory(CategoryTest.java:35)
at java.base/java.util.ArrayList.forEach(ArrayList.java:1596)
... Removed 25 stack frames]]>
    </failure>
  </testcase> <!-- searchCategory -->
  <testcase classname="testScript.CategoryTest" name="resetSearch" time="0.0">
    <ignored/>
  </testcase> <!-- resetSearch -->
  <testcase classname="testScript.CategoryTest" name="changeStatusOfItem" time="0.0">
    <ignored/>
  </testcase> <!-- changeStatusOfItem -->
  <testcase classname="testScript.CategoryTest" name="deleteCategoryItem" time="0.0">
    <ignored/>
  </testcase> <!-- deleteCategoryItem -->
  <testcase classname="testScript.CategoryTest" name="updateCategory" time="0.0">
    <ignored/>
  </testcase> <!-- updateCategory -->
</testsuite> <!-- Test -->
