<?xml version="1.0" encoding="UTF-8"?>
<testng-results ignored="0" total="11" passed="11" failed="0" skipped="0">
  <reporter-output>
  </reporter-output>
  <suite started-at="2025-06-05T08:37:30 IST" name="CrossBrowserTesting" finished-at="2025-06-05T08:38:23 IST" duration-ms="53438">
    <groups>
      <group name="smoke">
        <method signature="LoginTest.verifyUserLoginWithInValidCredentials()[pri:0, instance:testScript.LoginTest@38425407]" name="verifyUserLoginWithInValidCredentials" class="testScript.LoginTest"/>
        <method signature="LoginTest.verifyUserLoginWithValidCredentials()[pri:0, instance:testScript.LoginTest@38425407]" name="verifyUserLoginWithValidCredentials" class="testScript.LoginTest"/>
        <method signature="CategoryTest.verifyAddNewCategoryWithValidDetails()[pri:1, instance:testScript.CategoryTest@75db5df9]" name="verifyAddNewCategoryWithValidDetails" class="testScript.CategoryTest"/>
        <method signature="CategoryTest.searchCategory()[pri:2, instance:testScript.CategoryTest@75db5df9]" name="searchCategory" class="testScript.CategoryTest"/>
      </group> <!-- smoke -->
    </groups>
    <test started-at="2025-06-05T08:37:30 IST" name="ChromeTest" finished-at="2025-06-05T08:37:46 IST" duration-ms="16278">
      <class name="testScript.LoginTest">
        <test-method is-config="true" signature="initializeBrowser(java.lang.String)[pri:0, instance:testScript.LoginTest@38425407]" started-at="2025-06-05T08:37:30 IST" name="initializeBrowser" finished-at="2025-06-05T08:37:33 IST" duration-ms="2918" status="PASS">
          <params>
            <param index="0">
              <value>
                <![CDATA[Chrome]]>
              </value>
            </param>
          </params>
          <reporter-output>
          </reporter-output>
        </test-method> <!-- initializeBrowser -->
        <test-method signature="verifyUserLoginWithInValidCredentials()[pri:0, instance:testScript.LoginTest@38425407]" started-at="2025-06-05T08:37:33 IST" name="verifyUserLoginWithInValidCredentials" finished-at="2025-06-05T08:37:34 IST" duration-ms="1066" status="PASS">
          <reporter-output>
          </reporter-output>
        </test-method> <!-- verifyUserLoginWithInValidCredentials -->
        <test-method is-config="true" signature="driverQuit(org.testng.ITestResult)[pri:0, instance:testScript.LoginTest@38425407]" started-at="2025-06-05T08:37:34 IST" name="driverQuit" finished-at="2025-06-05T08:37:34 IST" duration-ms="152" status="PASS">
          <params>
            <param index="0">
              <value>
                <![CDATA[[TestResult name=verifyUserLoginWithInValidCredentials status=SUCCESS method=LoginTest.verifyUserLoginWithInValidCredentials()[pri:0, instance:testScript.LoginTest@38425407] output={null}]]]>
              </value>
            </param>
          </params>
          <reporter-output>
          </reporter-output>
        </test-method> <!-- driverQuit -->
        <test-method is-config="true" signature="initializeBrowser(java.lang.String)[pri:0, instance:testScript.LoginTest@38425407]" started-at="2025-06-05T08:37:34 IST" name="initializeBrowser" finished-at="2025-06-05T08:37:36 IST" duration-ms="2347" status="PASS">
          <params>
            <param index="0">
              <value>
                <![CDATA[Chrome]]>
              </value>
            </param>
          </params>
          <reporter-output>
          </reporter-output>
        </test-method> <!-- initializeBrowser -->
        <test-method signature="verifyUserLoginWithInvalidPasswordValidUsername(java.lang.String,java.lang.String)[pri:0, instance:testScript.LoginTest@38425407]" started-at="2025-06-05T08:37:36 IST" name="verifyUserLoginWithInvalidPasswordValidUsername" data-provider="InvalidPasswordValidUsername" finished-at="2025-06-05T08:37:37 IST" duration-ms="432" status="PASS">
          <params>
            <param index="0">
              <value>
                <![CDATA[admin]]>
              </value>
            </param>
            <param index="1">
              <value>
                <![CDATA[adminn]]>
              </value>
            </param>
          </params>
          <reporter-output>
          </reporter-output>
        </test-method> <!-- verifyUserLoginWithInvalidPasswordValidUsername -->
        <test-method is-config="true" signature="driverQuit(org.testng.ITestResult)[pri:0, instance:testScript.LoginTest@38425407]" started-at="2025-06-05T08:37:37 IST" name="driverQuit" finished-at="2025-06-05T08:37:37 IST" duration-ms="134" status="PASS">
          <params>
            <param index="0">
              <value>
                <![CDATA[[TestResult name=verifyUserLoginWithInvalidPasswordValidUsername status=SUCCESS method=LoginTest.verifyUserLoginWithInvalidPasswordValidUsername(java.lang.String,java.lang.String)[pri:0, instance:testScript.LoginTest@38425407] output={null}]]]>
              </value>
            </param>
          </params>
          <reporter-output>
          </reporter-output>
        </test-method> <!-- driverQuit -->
        <test-method is-config="true" signature="initializeBrowser(java.lang.String)[pri:0, instance:testScript.LoginTest@38425407]" started-at="2025-06-05T08:37:37 IST" name="initializeBrowser" finished-at="2025-06-05T08:37:39 IST" duration-ms="2478" status="PASS">
          <params>
            <param index="0">
              <value>
                <![CDATA[Chrome]]>
              </value>
            </param>
          </params>
          <reporter-output>
          </reporter-output>
        </test-method> <!-- initializeBrowser -->
        <test-method signature="verifyUserLoginWithInvalidPasswordValidUsername(java.lang.String,java.lang.String)[pri:0, instance:testScript.LoginTest@38425407]" started-at="2025-06-05T08:37:39 IST" name="verifyUserLoginWithInvalidPasswordValidUsername" data-provider="InvalidPasswordValidUsername" finished-at="2025-06-05T08:37:40 IST" duration-ms="375" status="PASS">
          <params>
            <param index="0">
              <value>
                <![CDATA[admin]]>
              </value>
            </param>
            <param index="1">
              <value>
                <![CDATA[a##3hj]]>
              </value>
            </param>
          </params>
          <reporter-output>
          </reporter-output>
        </test-method> <!-- verifyUserLoginWithInvalidPasswordValidUsername -->
        <test-method is-config="true" signature="driverQuit(org.testng.ITestResult)[pri:0, instance:testScript.LoginTest@38425407]" started-at="2025-06-05T08:37:40 IST" name="driverQuit" finished-at="2025-06-05T08:37:40 IST" duration-ms="175" status="PASS">
          <params>
            <param index="0">
              <value>
                <![CDATA[[TestResult name=verifyUserLoginWithInvalidPasswordValidUsername status=SUCCESS method=LoginTest.verifyUserLoginWithInvalidPasswordValidUsername(java.lang.String,java.lang.String)[pri:0, instance:testScript.LoginTest@38425407] output={null}]]]>
              </value>
            </param>
          </params>
          <reporter-output>
          </reporter-output>
        </test-method> <!-- driverQuit -->
        <test-method is-config="true" signature="initializeBrowser(java.lang.String)[pri:0, instance:testScript.LoginTest@38425407]" started-at="2025-06-05T08:37:40 IST" name="initializeBrowser" finished-at="2025-06-05T08:37:42 IST" duration-ms="2327" status="PASS">
          <params>
            <param index="0">
              <value>
                <![CDATA[Chrome]]>
              </value>
            </param>
          </params>
          <reporter-output>
          </reporter-output>
        </test-method> <!-- initializeBrowser -->
        <test-method signature="verifyUserLoginWithInvalidPasswordValidUsername(java.lang.String,java.lang.String)[pri:0, instance:testScript.LoginTest@38425407]" started-at="2025-06-05T08:37:42 IST" name="verifyUserLoginWithInvalidPasswordValidUsername" data-provider="InvalidPasswordValidUsername" finished-at="2025-06-05T08:37:43 IST" duration-ms="425" status="PASS">
          <params>
            <param index="0">
              <value>
                <![CDATA[admin]]>
              </value>
            </param>
            <param index="1">
              <value>
                <![CDATA[1q2w3e4rr]]>
              </value>
            </param>
          </params>
          <reporter-output>
          </reporter-output>
        </test-method> <!-- verifyUserLoginWithInvalidPasswordValidUsername -->
        <test-method is-config="true" signature="driverQuit(org.testng.ITestResult)[pri:0, instance:testScript.LoginTest@38425407]" started-at="2025-06-05T08:37:43 IST" name="driverQuit" finished-at="2025-06-05T08:37:43 IST" duration-ms="157" status="PASS">
          <params>
            <param index="0">
              <value>
                <![CDATA[[TestResult name=verifyUserLoginWithInvalidPasswordValidUsername status=SUCCESS method=LoginTest.verifyUserLoginWithInvalidPasswordValidUsername(java.lang.String,java.lang.String)[pri:0, instance:testScript.LoginTest@38425407] output={null}]]]>
              </value>
            </param>
          </params>
          <reporter-output>
          </reporter-output>
        </test-method> <!-- driverQuit -->
        <test-method is-config="true" signature="initializeBrowser(java.lang.String)[pri:0, instance:testScript.LoginTest@38425407]" started-at="2025-06-05T08:37:43 IST" name="initializeBrowser" finished-at="2025-06-05T08:37:45 IST" duration-ms="2250" status="PASS">
          <params>
            <param index="0">
              <value>
                <![CDATA[Chrome]]>
              </value>
            </param>
          </params>
          <reporter-output>
          </reporter-output>
        </test-method> <!-- initializeBrowser -->
        <test-method signature="verifyUserLoginWithValidCredentials()[pri:0, instance:testScript.LoginTest@38425407]" started-at="2025-06-05T08:37:45 IST" name="verifyUserLoginWithValidCredentials" finished-at="2025-06-05T08:37:46 IST" duration-ms="822" status="PASS">
          <reporter-output>
          </reporter-output>
        </test-method> <!-- verifyUserLoginWithValidCredentials -->
        <test-method is-config="true" signature="driverQuit(org.testng.ITestResult)[pri:0, instance:testScript.LoginTest@38425407]" started-at="2025-06-05T08:37:46 IST" name="driverQuit" finished-at="2025-06-05T08:37:46 IST" duration-ms="140" status="PASS">
          <params>
            <param index="0">
              <value>
                <![CDATA[[TestResult name=verifyUserLoginWithValidCredentials status=SUCCESS method=LoginTest.verifyUserLoginWithValidCredentials()[pri:0, instance:testScript.LoginTest@38425407] output={null}]]]>
              </value>
            </param>
          </params>
          <reporter-output>
          </reporter-output>
        </test-method> <!-- driverQuit -->
      </class> <!-- testScript.LoginTest -->
    </test> <!-- ChromeTest -->
    <test started-at="2025-06-05T08:37:46 IST" name="EdgeeTest" finished-at="2025-06-05T08:38:23 IST" duration-ms="37124">
      <class name="testScript.CategoryTest">
        <test-method is-config="true" signature="initializeBrowser(java.lang.String)[pri:0, instance:testScript.CategoryTest@75db5df9]" started-at="2025-06-05T08:37:46 IST" name="initializeBrowser" finished-at="2025-06-05T08:37:49 IST" duration-ms="2812" status="PASS">
          <params>
            <param index="0">
              <value>
                <![CDATA[Edge]]>
              </value>
            </param>
          </params>
          <reporter-output>
          </reporter-output>
        </test-method> <!-- initializeBrowser -->
        <test-method signature="verifyAddNewCategoryWithValidDetails()[pri:1, instance:testScript.CategoryTest@75db5df9]" started-at="2025-06-05T08:37:49 IST" name="verifyAddNewCategoryWithValidDetails" finished-at="2025-06-05T08:37:52 IST" duration-ms="2874" status="PASS">
          <reporter-output>
          </reporter-output>
        </test-method> <!-- verifyAddNewCategoryWithValidDetails -->
        <test-method is-config="true" signature="driverQuit(org.testng.ITestResult)[pri:0, instance:testScript.CategoryTest@75db5df9]" started-at="2025-06-05T08:37:52 IST" name="driverQuit" finished-at="2025-06-05T08:37:53 IST" duration-ms="1186" status="PASS">
          <params>
            <param index="0">
              <value>
                <![CDATA[[TestResult name=verifyAddNewCategoryWithValidDetails status=SUCCESS method=CategoryTest.verifyAddNewCategoryWithValidDetails()[pri:1, instance:testScript.CategoryTest@75db5df9] output={null}]]]>
              </value>
            </param>
          </params>
          <reporter-output>
          </reporter-output>
        </test-method> <!-- driverQuit -->
        <test-method is-config="true" signature="initializeBrowser(java.lang.String)[pri:0, instance:testScript.CategoryTest@75db5df9]" started-at="2025-06-05T08:37:53 IST" name="initializeBrowser" finished-at="2025-06-05T08:37:56 IST" duration-ms="2728" status="PASS">
          <params>
            <param index="0">
              <value>
                <![CDATA[Edge]]>
              </value>
            </param>
          </params>
          <reporter-output>
          </reporter-output>
        </test-method> <!-- initializeBrowser -->
        <test-method signature="searchCategory()[pri:2, instance:testScript.CategoryTest@75db5df9]" started-at="2025-06-05T08:37:56 IST" name="searchCategory" finished-at="2025-06-05T08:37:57 IST" duration-ms="1882" status="PASS">
          <reporter-output>
          </reporter-output>
        </test-method> <!-- searchCategory -->
        <test-method is-config="true" signature="driverQuit(org.testng.ITestResult)[pri:0, instance:testScript.CategoryTest@75db5df9]" started-at="2025-06-05T08:37:57 IST" name="driverQuit" finished-at="2025-06-05T08:37:59 IST" duration-ms="1291" status="PASS">
          <params>
            <param index="0">
              <value>
                <![CDATA[[TestResult name=searchCategory status=SUCCESS method=CategoryTest.searchCategory()[pri:2, instance:testScript.CategoryTest@75db5df9] output={null}]]]>
              </value>
            </param>
          </params>
          <reporter-output>
          </reporter-output>
        </test-method> <!-- driverQuit -->
        <test-method is-config="true" signature="initializeBrowser(java.lang.String)[pri:0, instance:testScript.CategoryTest@75db5df9]" started-at="2025-06-05T08:37:59 IST" name="initializeBrowser" finished-at="2025-06-05T08:38:01 IST" duration-ms="2514" status="PASS">
          <params>
            <param index="0">
              <value>
                <![CDATA[Edge]]>
              </value>
            </param>
          </params>
          <reporter-output>
          </reporter-output>
        </test-method> <!-- initializeBrowser -->
        <test-method signature="resetSearch()[pri:3, instance:testScript.CategoryTest@75db5df9]" started-at="2025-06-05T08:38:01 IST" name="resetSearch" finished-at="2025-06-05T08:38:03 IST" duration-ms="1884" status="PASS">
          <reporter-output>
          </reporter-output>
        </test-method> <!-- resetSearch -->
        <test-method is-config="true" signature="driverQuit(org.testng.ITestResult)[pri:0, instance:testScript.CategoryTest@75db5df9]" started-at="2025-06-05T08:38:03 IST" name="driverQuit" finished-at="2025-06-05T08:38:04 IST" duration-ms="1292" status="PASS">
          <params>
            <param index="0">
              <value>
                <![CDATA[[TestResult name=resetSearch status=SUCCESS method=CategoryTest.resetSearch()[pri:3, instance:testScript.CategoryTest@75db5df9] output={null}]]]>
              </value>
            </param>
          </params>
          <reporter-output>
          </reporter-output>
        </test-method> <!-- driverQuit -->
        <test-method is-config="true" signature="initializeBrowser(java.lang.String)[pri:0, instance:testScript.CategoryTest@75db5df9]" started-at="2025-06-05T08:38:04 IST" name="initializeBrowser" finished-at="2025-06-05T08:38:07 IST" duration-ms="2503" status="PASS">
          <params>
            <param index="0">
              <value>
                <![CDATA[Edge]]>
              </value>
            </param>
          </params>
          <reporter-output>
          </reporter-output>
        </test-method> <!-- initializeBrowser -->
        <test-method signature="updateCategory()[pri:4, instance:testScript.CategoryTest@75db5df9]" started-at="2025-06-05T08:38:07 IST" name="updateCategory" finished-at="2025-06-05T08:38:10 IST" duration-ms="2992" status="PASS">
          <reporter-output>
          </reporter-output>
        </test-method> <!-- updateCategory -->
        <test-method is-config="true" signature="driverQuit(org.testng.ITestResult)[pri:0, instance:testScript.CategoryTest@75db5df9]" started-at="2025-06-05T08:38:10 IST" name="driverQuit" finished-at="2025-06-05T08:38:11 IST" duration-ms="1300" status="PASS">
          <params>
            <param index="0">
              <value>
                <![CDATA[[TestResult name=updateCategory status=SUCCESS method=CategoryTest.updateCategory()[pri:4, instance:testScript.CategoryTest@75db5df9] output={null}]]]>
              </value>
            </param>
          </params>
          <reporter-output>
          </reporter-output>
        </test-method> <!-- driverQuit -->
        <test-method is-config="true" signature="initializeBrowser(java.lang.String)[pri:0, instance:testScript.CategoryTest@75db5df9]" started-at="2025-06-05T08:38:11 IST" name="initializeBrowser" finished-at="2025-06-05T08:38:14 IST" duration-ms="2549" status="PASS">
          <params>
            <param index="0">
              <value>
                <![CDATA[Edge]]>
              </value>
            </param>
          </params>
          <reporter-output>
          </reporter-output>
        </test-method> <!-- initializeBrowser -->
        <test-method signature="changeStatusOfItem()[pri:5, instance:testScript.CategoryTest@75db5df9]" started-at="2025-06-05T08:38:14 IST" name="changeStatusOfItem" finished-at="2025-06-05T08:38:16 IST" duration-ms="2172" status="PASS">
          <reporter-output>
          </reporter-output>
        </test-method> <!-- changeStatusOfItem -->
        <test-method is-config="true" signature="driverQuit(org.testng.ITestResult)[pri:0, instance:testScript.CategoryTest@75db5df9]" started-at="2025-06-05T08:38:16 IST" name="driverQuit" finished-at="2025-06-05T08:38:17 IST" duration-ms="1252" status="PASS">
          <params>
            <param index="0">
              <value>
                <![CDATA[[TestResult name=changeStatusOfItem status=SUCCESS method=CategoryTest.changeStatusOfItem()[pri:5, instance:testScript.CategoryTest@75db5df9] output={null}]]]>
              </value>
            </param>
          </params>
          <reporter-output>
          </reporter-output>
        </test-method> <!-- driverQuit -->
        <test-method is-config="true" signature="initializeBrowser(java.lang.String)[pri:0, instance:testScript.CategoryTest@75db5df9]" started-at="2025-06-05T08:38:17 IST" name="initializeBrowser" finished-at="2025-06-05T08:38:20 IST" duration-ms="2491" status="PASS">
          <params>
            <param index="0">
              <value>
                <![CDATA[Edge]]>
              </value>
            </param>
          </params>
          <reporter-output>
          </reporter-output>
        </test-method> <!-- initializeBrowser -->
        <test-method signature="deleteCategoryItem()[pri:6, instance:testScript.CategoryTest@75db5df9]" started-at="2025-06-05T08:38:20 IST" name="deleteCategoryItem" finished-at="2025-06-05T08:38:22 IST" duration-ms="2107" status="PASS">
          <reporter-output>
          </reporter-output>
        </test-method> <!-- deleteCategoryItem -->
        <test-method is-config="true" signature="driverQuit(org.testng.ITestResult)[pri:0, instance:testScript.CategoryTest@75db5df9]" started-at="2025-06-05T08:38:22 IST" name="driverQuit" finished-at="2025-06-05T08:38:23 IST" duration-ms="1282" status="PASS">
          <params>
            <param index="0">
              <value>
                <![CDATA[[TestResult name=deleteCategoryItem status=SUCCESS method=CategoryTest.deleteCategoryItem()[pri:6, instance:testScript.CategoryTest@75db5df9] output={null}]]]>
              </value>
            </param>
          </params>
          <reporter-output>
          </reporter-output>
        </test-method> <!-- driverQuit -->
      </class> <!-- testScript.CategoryTest -->
    </test> <!-- EdgeeTest -->
  </suite> <!-- CrossBrowserTesting -->
</testng-results>
