<?xml version="1.0" encoding="UTF-8"?>
<testng-results ignored="0" total="16" passed="16" failed="0" skipped="0">
  <reporter-output>
  </reporter-output>
  <suite started-at="2025-05-26T18:17:28 IST" name="MyTestSuite" finished-at="2025-05-26T18:18:32 IST" duration-ms="64164">
    <groups>
    </groups>
    <test started-at="2025-05-26T18:17:28 IST" name="MyTest" finished-at="2025-05-26T18:18:32 IST" duration-ms="64164">
      <class name="testScript.NewsTest">
        <test-method is-config="true" signature="initializeBrowser(java.lang.String)[pri:0, instance:testScript.NewsTest@8297b3a]" started-at="2025-05-26T18:18:09 IST" name="initializeBrowser" finished-at="2025-05-26T18:18:11 IST" duration-ms="1958" status="PASS">
          <params>
            <param index="0">
              <value>
                <![CDATA[Chrome]]>
              </value>
            </param>
          </params>
          <reporter-output>
          </reporter-output>
        </test-method> <!-- initializeBrowser -->
        <test-method signature="verifyAddNews()[pri:1, instance:testScript.NewsTest@8297b3a]" started-at="2025-05-26T18:18:11 IST" name="verifyAddNews" finished-at="2025-05-26T18:18:12 IST" duration-ms="1711" status="PASS">
          <reporter-output>
          </reporter-output>
        </test-method> <!-- verifyAddNews -->
        <test-method is-config="true" signature="driverQuit(org.testng.ITestResult)[pri:0, instance:testScript.NewsTest@8297b3a]" started-at="2025-05-26T18:18:12 IST" name="driverQuit" finished-at="2025-05-26T18:18:12 IST" duration-ms="197" status="PASS">
          <params>
            <param index="0">
              <value>
                <![CDATA[[TestResult name=verifyAddNews status=SUCCESS method=NewsTest.verifyAddNews()[pri:1, instance:testScript.NewsTest@8297b3a] output={null}]]]>
              </value>
            </param>
          </params>
          <reporter-output>
          </reporter-output>
        </test-method> <!-- driverQuit -->
        <test-method is-config="true" signature="initializeBrowser(java.lang.String)[pri:0, instance:testScript.NewsTest@8297b3a]" started-at="2025-05-26T18:18:12 IST" name="initializeBrowser" finished-at="2025-05-26T18:18:15 IST" duration-ms="2317" status="PASS">
          <params>
            <param index="0">
              <value>
                <![CDATA[Chrome]]>
              </value>
            </param>
          </params>
          <reporter-output>
          </reporter-output>
        </test-method> <!-- initializeBrowser -->
        <test-method signature="searchCategory()[pri:2, instance:testScript.NewsTest@8297b3a]" started-at="2025-05-26T18:18:15 IST" name="searchCategory" finished-at="2025-05-26T18:18:17 IST" duration-ms="1866" status="PASS">
          <reporter-output>
          </reporter-output>
        </test-method> <!-- searchCategory -->
        <test-method is-config="true" signature="driverQuit(org.testng.ITestResult)[pri:0, instance:testScript.NewsTest@8297b3a]" started-at="2025-05-26T18:18:17 IST" name="driverQuit" finished-at="2025-05-26T18:18:17 IST" duration-ms="192" status="PASS">
          <params>
            <param index="0">
              <value>
                <![CDATA[[TestResult name=searchCategory status=SUCCESS method=NewsTest.searchCategory()[pri:2, instance:testScript.NewsTest@8297b3a] output={null}]]]>
              </value>
            </param>
          </params>
          <reporter-output>
          </reporter-output>
        </test-method> <!-- driverQuit -->
        <test-method is-config="true" signature="initializeBrowser(java.lang.String)[pri:0, instance:testScript.NewsTest@8297b3a]" started-at="2025-05-26T18:18:17 IST" name="initializeBrowser" finished-at="2025-05-26T18:18:19 IST" duration-ms="1929" status="PASS">
          <params>
            <param index="0">
              <value>
                <![CDATA[Chrome]]>
              </value>
            </param>
          </params>
          <reporter-output>
          </reporter-output>
        </test-method> <!-- initializeBrowser -->
        <test-method signature="resetSearch()[pri:3, instance:testScript.NewsTest@8297b3a]" started-at="2025-05-26T18:18:19 IST" name="resetSearch" finished-at="2025-05-26T18:18:20 IST" duration-ms="1588" status="PASS">
          <reporter-output>
          </reporter-output>
        </test-method> <!-- resetSearch -->
        <test-method is-config="true" signature="driverQuit(org.testng.ITestResult)[pri:0, instance:testScript.NewsTest@8297b3a]" started-at="2025-05-26T18:18:20 IST" name="driverQuit" finished-at="2025-05-26T18:18:21 IST" duration-ms="188" status="PASS">
          <params>
            <param index="0">
              <value>
                <![CDATA[[TestResult name=resetSearch status=SUCCESS method=NewsTest.resetSearch()[pri:3, instance:testScript.NewsTest@8297b3a] output={null}]]]>
              </value>
            </param>
          </params>
          <reporter-output>
          </reporter-output>
        </test-method> <!-- driverQuit -->
        <test-method is-config="true" signature="initializeBrowser(java.lang.String)[pri:0, instance:testScript.NewsTest@8297b3a]" started-at="2025-05-26T18:18:21 IST" name="initializeBrowser" finished-at="2025-05-26T18:18:23 IST" duration-ms="2298" status="PASS">
          <params>
            <param index="0">
              <value>
                <![CDATA[Chrome]]>
              </value>
            </param>
          </params>
          <reporter-output>
          </reporter-output>
        </test-method> <!-- initializeBrowser -->
        <test-method signature="updateNews()[pri:4, instance:testScript.NewsTest@8297b3a]" started-at="2025-05-26T18:18:23 IST" name="updateNews" finished-at="2025-05-26T18:18:27 IST" duration-ms="3897" status="PASS">
          <reporter-output>
          </reporter-output>
        </test-method> <!-- updateNews -->
        <test-method is-config="true" signature="driverQuit(org.testng.ITestResult)[pri:0, instance:testScript.NewsTest@8297b3a]" started-at="2025-05-26T18:18:27 IST" name="driverQuit" finished-at="2025-05-26T18:18:27 IST" duration-ms="190" status="PASS">
          <params>
            <param index="0">
              <value>
                <![CDATA[[TestResult name=updateNews status=SUCCESS method=NewsTest.updateNews()[pri:4, instance:testScript.NewsTest@8297b3a] output={null}]]]>
              </value>
            </param>
          </params>
          <reporter-output>
          </reporter-output>
        </test-method> <!-- driverQuit -->
        <test-method is-config="true" signature="initializeBrowser(java.lang.String)[pri:0, instance:testScript.NewsTest@8297b3a]" started-at="2025-05-26T18:18:27 IST" name="initializeBrowser" finished-at="2025-05-26T18:18:30 IST" duration-ms="3334" status="PASS">
          <params>
            <param index="0">
              <value>
                <![CDATA[Chrome]]>
              </value>
            </param>
          </params>
          <reporter-output>
          </reporter-output>
        </test-method> <!-- initializeBrowser -->
        <test-method signature="deleteNewsItem()[pri:5, instance:testScript.NewsTest@8297b3a]" started-at="2025-05-26T18:18:30 IST" name="deleteNewsItem" finished-at="2025-05-26T18:18:32 IST" duration-ms="1700" status="PASS">
          <reporter-output>
          </reporter-output>
        </test-method> <!-- deleteNewsItem -->
        <test-method is-config="true" signature="driverQuit(org.testng.ITestResult)[pri:0, instance:testScript.NewsTest@8297b3a]" started-at="2025-05-26T18:18:32 IST" name="driverQuit" finished-at="2025-05-26T18:18:32 IST" duration-ms="193" status="PASS">
          <params>
            <param index="0">
              <value>
                <![CDATA[[TestResult name=deleteNewsItem status=SUCCESS method=NewsTest.deleteNewsItem()[pri:5, instance:testScript.NewsTest@8297b3a] output={null}]]]>
              </value>
            </param>
          </params>
          <reporter-output>
          </reporter-output>
        </test-method> <!-- driverQuit -->
      </class> <!-- testScript.NewsTest -->
      <class name="testScript.LoginTest">
        <test-method is-config="true" signature="initializeBrowser(java.lang.String)[pri:0, instance:testScript.LoginTest@3fc2959f]" started-at="2025-05-26T18:17:28 IST" name="initializeBrowser" finished-at="2025-05-26T18:17:31 IST" duration-ms="2776" status="PASS">
          <params>
            <param index="0">
              <value>
                <![CDATA[Chrome]]>
              </value>
            </param>
          </params>
          <reporter-output>
          </reporter-output>
        </test-method> <!-- initializeBrowser -->
        <test-method signature="verifyUserLoginWithInValidCredentials()[pri:0, instance:testScript.LoginTest@3fc2959f]" started-at="2025-05-26T18:17:31 IST" name="verifyUserLoginWithInValidCredentials" finished-at="2025-05-26T18:17:32 IST" duration-ms="1266" status="PASS">
          <reporter-output>
          </reporter-output>
        </test-method> <!-- verifyUserLoginWithInValidCredentials -->
        <test-method is-config="true" signature="driverQuit(org.testng.ITestResult)[pri:0, instance:testScript.LoginTest@3fc2959f]" started-at="2025-05-26T18:17:32 IST" name="driverQuit" finished-at="2025-05-26T18:17:32 IST" duration-ms="221" status="PASS">
          <params>
            <param index="0">
              <value>
                <![CDATA[[TestResult name=verifyUserLoginWithInValidCredentials status=SUCCESS method=LoginTest.verifyUserLoginWithInValidCredentials()[pri:0, instance:testScript.LoginTest@3fc2959f] output={null}]]]>
              </value>
            </param>
          </params>
          <reporter-output>
          </reporter-output>
        </test-method> <!-- driverQuit -->
        <test-method is-config="true" signature="initializeBrowser(java.lang.String)[pri:0, instance:testScript.LoginTest@3fc2959f]" started-at="2025-05-26T18:17:32 IST" name="initializeBrowser" finished-at="2025-05-26T18:17:35 IST" duration-ms="2524" status="PASS">
          <params>
            <param index="0">
              <value>
                <![CDATA[Chrome]]>
              </value>
            </param>
          </params>
          <reporter-output>
          </reporter-output>
        </test-method> <!-- initializeBrowser -->
        <test-method signature="verifyUserLoginWithInvalidPasswordValidUsername(java.lang.String,java.lang.String)[pri:0, instance:testScript.LoginTest@3fc2959f]" started-at="2025-05-26T18:17:35 IST" name="verifyUserLoginWithInvalidPasswordValidUsername" data-provider="InvalidPasswordValidUsername" finished-at="2025-05-26T18:17:35 IST" duration-ms="449" status="PASS">
          <params>
            <param index="0">
              <value>
                <![CDATA[admin]]>
              </value>
            </param>
            <param index="1">
              <value>
                <![CDATA[adminn]]>
              </value>
            </param>
          </params>
          <reporter-output>
          </reporter-output>
        </test-method> <!-- verifyUserLoginWithInvalidPasswordValidUsername -->
        <test-method is-config="true" signature="driverQuit(org.testng.ITestResult)[pri:0, instance:testScript.LoginTest@3fc2959f]" started-at="2025-05-26T18:17:35 IST" name="driverQuit" finished-at="2025-05-26T18:17:35 IST" duration-ms="194" status="PASS">
          <params>
            <param index="0">
              <value>
                <![CDATA[[TestResult name=verifyUserLoginWithInvalidPasswordValidUsername status=SUCCESS method=LoginTest.verifyUserLoginWithInvalidPasswordValidUsername(java.lang.String,java.lang.String)[pri:0, instance:testScript.LoginTest@3fc2959f] output={null}]]]>
              </value>
            </param>
          </params>
          <reporter-output>
          </reporter-output>
        </test-method> <!-- driverQuit -->
        <test-method is-config="true" signature="initializeBrowser(java.lang.String)[pri:0, instance:testScript.LoginTest@3fc2959f]" started-at="2025-05-26T18:17:35 IST" name="initializeBrowser" finished-at="2025-05-26T18:17:37 IST" duration-ms="1899" status="PASS">
          <params>
            <param index="0">
              <value>
                <![CDATA[Chrome]]>
              </value>
            </param>
          </params>
          <reporter-output>
          </reporter-output>
        </test-method> <!-- initializeBrowser -->
        <test-method signature="verifyUserLoginWithInvalidPasswordValidUsername(java.lang.String,java.lang.String)[pri:0, instance:testScript.LoginTest@3fc2959f]" started-at="2025-05-26T18:17:37 IST" name="verifyUserLoginWithInvalidPasswordValidUsername" data-provider="InvalidPasswordValidUsername" finished-at="2025-05-26T18:17:38 IST" duration-ms="389" status="PASS">
          <params>
            <param index="0">
              <value>
                <![CDATA[admin]]>
              </value>
            </param>
            <param index="1">
              <value>
                <![CDATA[a##3hj]]>
              </value>
            </param>
          </params>
          <reporter-output>
          </reporter-output>
        </test-method> <!-- verifyUserLoginWithInvalidPasswordValidUsername -->
        <test-method is-config="true" signature="driverQuit(org.testng.ITestResult)[pri:0, instance:testScript.LoginTest@3fc2959f]" started-at="2025-05-26T18:17:38 IST" name="driverQuit" finished-at="2025-05-26T18:17:38 IST" duration-ms="195" status="PASS">
          <params>
            <param index="0">
              <value>
                <![CDATA[[TestResult name=verifyUserLoginWithInvalidPasswordValidUsername status=SUCCESS method=LoginTest.verifyUserLoginWithInvalidPasswordValidUsername(java.lang.String,java.lang.String)[pri:0, instance:testScript.LoginTest@3fc2959f] output={null}]]]>
              </value>
            </param>
          </params>
          <reporter-output>
          </reporter-output>
        </test-method> <!-- driverQuit -->
        <test-method is-config="true" signature="initializeBrowser(java.lang.String)[pri:0, instance:testScript.LoginTest@3fc2959f]" started-at="2025-05-26T18:17:38 IST" name="initializeBrowser" finished-at="2025-05-26T18:17:40 IST" duration-ms="1803" status="PASS">
          <params>
            <param index="0">
              <value>
                <![CDATA[Chrome]]>
              </value>
            </param>
          </params>
          <reporter-output>
          </reporter-output>
        </test-method> <!-- initializeBrowser -->
        <test-method signature="verifyUserLoginWithInvalidPasswordValidUsername(java.lang.String,java.lang.String)[pri:0, instance:testScript.LoginTest@3fc2959f]" started-at="2025-05-26T18:17:40 IST" name="verifyUserLoginWithInvalidPasswordValidUsername" data-provider="InvalidPasswordValidUsername" finished-at="2025-05-26T18:17:40 IST" duration-ms="432" status="PASS">
          <params>
            <param index="0">
              <value>
                <![CDATA[admin]]>
              </value>
            </param>
            <param index="1">
              <value>
                <![CDATA[1q2w3e4rr]]>
              </value>
            </param>
          </params>
          <reporter-output>
          </reporter-output>
        </test-method> <!-- verifyUserLoginWithInvalidPasswordValidUsername -->
        <test-method is-config="true" signature="driverQuit(org.testng.ITestResult)[pri:0, instance:testScript.LoginTest@3fc2959f]" started-at="2025-05-26T18:17:40 IST" name="driverQuit" finished-at="2025-05-26T18:17:40 IST" duration-ms="166" status="PASS">
          <params>
            <param index="0">
              <value>
                <![CDATA[[TestResult name=verifyUserLoginWithInvalidPasswordValidUsername status=SUCCESS method=LoginTest.verifyUserLoginWithInvalidPasswordValidUsername(java.lang.String,java.lang.String)[pri:0, instance:testScript.LoginTest@3fc2959f] output={null}]]]>
              </value>
            </param>
          </params>
          <reporter-output>
          </reporter-output>
        </test-method> <!-- driverQuit -->
        <test-method is-config="true" signature="initializeBrowser(java.lang.String)[pri:0, instance:testScript.LoginTest@3fc2959f]" started-at="2025-05-26T18:17:40 IST" name="initializeBrowser" finished-at="2025-05-26T18:17:43 IST" duration-ms="2288" status="PASS">
          <params>
            <param index="0">
              <value>
                <![CDATA[Chrome]]>
              </value>
            </param>
          </params>
          <reporter-output>
          </reporter-output>
        </test-method> <!-- initializeBrowser -->
        <test-method signature="verifyUserLoginWithValidCredentials()[pri:0, instance:testScript.LoginTest@3fc2959f]" started-at="2025-05-26T18:17:43 IST" name="verifyUserLoginWithValidCredentials" finished-at="2025-05-26T18:17:44 IST" duration-ms="980" status="PASS">
          <reporter-output>
          </reporter-output>
        </test-method> <!-- verifyUserLoginWithValidCredentials -->
        <test-method is-config="true" signature="driverQuit(org.testng.ITestResult)[pri:0, instance:testScript.LoginTest@3fc2959f]" started-at="2025-05-26T18:17:44 IST" name="driverQuit" finished-at="2025-05-26T18:17:44 IST" duration-ms="179" status="PASS">
          <params>
            <param index="0">
              <value>
                <![CDATA[[TestResult name=verifyUserLoginWithValidCredentials status=SUCCESS method=LoginTest.verifyUserLoginWithValidCredentials()[pri:0, instance:testScript.LoginTest@3fc2959f] output={null}]]]>
              </value>
            </param>
          </params>
          <reporter-output>
          </reporter-output>
        </test-method> <!-- driverQuit -->
      </class> <!-- testScript.LoginTest -->
      <class name="testScript.CategoryTest">
        <test-method is-config="true" signature="initializeBrowser(java.lang.String)[pri:0, instance:testScript.CategoryTest@7817fd62]" started-at="2025-05-26T18:17:44 IST" name="initializeBrowser" finished-at="2025-05-26T18:17:46 IST" duration-ms="1917" status="PASS">
          <params>
            <param index="0">
              <value>
                <![CDATA[Chrome]]>
              </value>
            </param>
          </params>
          <reporter-output>
          </reporter-output>
        </test-method> <!-- initializeBrowser -->
        <test-method signature="verifyAddNewCategoryWithValidDetails()[pri:1, instance:testScript.CategoryTest@7817fd62]" started-at="2025-05-26T18:17:46 IST" name="verifyAddNewCategoryWithValidDetails" finished-at="2025-05-26T18:17:48 IST" duration-ms="2179" status="PASS">
          <reporter-output>
          </reporter-output>
        </test-method> <!-- verifyAddNewCategoryWithValidDetails -->
        <test-method is-config="true" signature="driverQuit(org.testng.ITestResult)[pri:0, instance:testScript.CategoryTest@7817fd62]" started-at="2025-05-26T18:17:48 IST" name="driverQuit" finished-at="2025-05-26T18:17:48 IST" duration-ms="183" status="PASS">
          <params>
            <param index="0">
              <value>
                <![CDATA[[TestResult name=verifyAddNewCategoryWithValidDetails status=SUCCESS method=CategoryTest.verifyAddNewCategoryWithValidDetails()[pri:1, instance:testScript.CategoryTest@7817fd62] output={null}]]]>
              </value>
            </param>
          </params>
          <reporter-output>
          </reporter-output>
        </test-method> <!-- driverQuit -->
        <test-method is-config="true" signature="initializeBrowser(java.lang.String)[pri:0, instance:testScript.CategoryTest@7817fd62]" started-at="2025-05-26T18:17:48 IST" name="initializeBrowser" finished-at="2025-05-26T18:17:50 IST" duration-ms="1915" status="PASS">
          <params>
            <param index="0">
              <value>
                <![CDATA[Chrome]]>
              </value>
            </param>
          </params>
          <reporter-output>
          </reporter-output>
        </test-method> <!-- initializeBrowser -->
        <test-method signature="searchCategory()[pri:2, instance:testScript.CategoryTest@7817fd62]" started-at="2025-05-26T18:17:50 IST" name="searchCategory" finished-at="2025-05-26T18:17:51 IST" duration-ms="1484" status="PASS">
          <reporter-output>
          </reporter-output>
        </test-method> <!-- searchCategory -->
        <test-method is-config="true" signature="driverQuit(org.testng.ITestResult)[pri:0, instance:testScript.CategoryTest@7817fd62]" started-at="2025-05-26T18:17:51 IST" name="driverQuit" finished-at="2025-05-26T18:17:52 IST" duration-ms="162" status="PASS">
          <params>
            <param index="0">
              <value>
                <![CDATA[[TestResult name=searchCategory status=SUCCESS method=CategoryTest.searchCategory()[pri:2, instance:testScript.CategoryTest@7817fd62] output={null}]]]>
              </value>
            </param>
          </params>
          <reporter-output>
          </reporter-output>
        </test-method> <!-- driverQuit -->
        <test-method is-config="true" signature="initializeBrowser(java.lang.String)[pri:0, instance:testScript.CategoryTest@7817fd62]" started-at="2025-05-26T18:17:52 IST" name="initializeBrowser" finished-at="2025-05-26T18:17:54 IST" duration-ms="2006" status="PASS">
          <params>
            <param index="0">
              <value>
                <![CDATA[Chrome]]>
              </value>
            </param>
          </params>
          <reporter-output>
          </reporter-output>
        </test-method> <!-- initializeBrowser -->
        <test-method signature="resetSearch()[pri:3, instance:testScript.CategoryTest@7817fd62]" started-at="2025-05-26T18:17:54 IST" name="resetSearch" finished-at="2025-05-26T18:17:55 IST" duration-ms="1780" status="PASS">
          <reporter-output>
          </reporter-output>
        </test-method> <!-- resetSearch -->
        <test-method is-config="true" signature="driverQuit(org.testng.ITestResult)[pri:0, instance:testScript.CategoryTest@7817fd62]" started-at="2025-05-26T18:17:55 IST" name="driverQuit" finished-at="2025-05-26T18:17:56 IST" duration-ms="207" status="PASS">
          <params>
            <param index="0">
              <value>
                <![CDATA[[TestResult name=resetSearch status=SUCCESS method=CategoryTest.resetSearch()[pri:3, instance:testScript.CategoryTest@7817fd62] output={null}]]]>
              </value>
            </param>
          </params>
          <reporter-output>
          </reporter-output>
        </test-method> <!-- driverQuit -->
        <test-method is-config="true" signature="initializeBrowser(java.lang.String)[pri:0, instance:testScript.CategoryTest@7817fd62]" started-at="2025-05-26T18:17:56 IST" name="initializeBrowser" finished-at="2025-05-26T18:17:58 IST" duration-ms="1876" status="PASS">
          <params>
            <param index="0">
              <value>
                <![CDATA[Chrome]]>
              </value>
            </param>
          </params>
          <reporter-output>
          </reporter-output>
        </test-method> <!-- initializeBrowser -->
        <test-method signature="updateCategory()[pri:4, instance:testScript.CategoryTest@7817fd62]" started-at="2025-05-26T18:17:58 IST" name="updateCategory" finished-at="2025-05-26T18:18:00 IST" duration-ms="2639" status="PASS">
          <reporter-output>
          </reporter-output>
        </test-method> <!-- updateCategory -->
        <test-method is-config="true" signature="driverQuit(org.testng.ITestResult)[pri:0, instance:testScript.CategoryTest@7817fd62]" started-at="2025-05-26T18:18:00 IST" name="driverQuit" finished-at="2025-05-26T18:18:00 IST" duration-ms="174" status="PASS">
          <params>
            <param index="0">
              <value>
                <![CDATA[[TestResult name=updateCategory status=SUCCESS method=CategoryTest.updateCategory()[pri:4, instance:testScript.CategoryTest@7817fd62] output={null}]]]>
              </value>
            </param>
          </params>
          <reporter-output>
          </reporter-output>
        </test-method> <!-- driverQuit -->
        <test-method is-config="true" signature="initializeBrowser(java.lang.String)[pri:0, instance:testScript.CategoryTest@7817fd62]" started-at="2025-05-26T18:18:00 IST" name="initializeBrowser" finished-at="2025-05-26T18:18:03 IST" duration-ms="2232" status="PASS">
          <params>
            <param index="0">
              <value>
                <![CDATA[Chrome]]>
              </value>
            </param>
          </params>
          <reporter-output>
          </reporter-output>
        </test-method> <!-- initializeBrowser -->
        <test-method signature="changeStatusOfItem()[pri:5, instance:testScript.CategoryTest@7817fd62]" started-at="2025-05-26T18:18:03 IST" name="changeStatusOfItem" finished-at="2025-05-26T18:18:05 IST" duration-ms="1988" status="PASS">
          <reporter-output>
          </reporter-output>
        </test-method> <!-- changeStatusOfItem -->
        <test-method is-config="true" signature="driverQuit(org.testng.ITestResult)[pri:0, instance:testScript.CategoryTest@7817fd62]" started-at="2025-05-26T18:18:05 IST" name="driverQuit" finished-at="2025-05-26T18:18:05 IST" duration-ms="182" status="PASS">
          <params>
            <param index="0">
              <value>
                <![CDATA[[TestResult name=changeStatusOfItem status=SUCCESS method=CategoryTest.changeStatusOfItem()[pri:5, instance:testScript.CategoryTest@7817fd62] output={null}]]]>
              </value>
            </param>
          </params>
          <reporter-output>
          </reporter-output>
        </test-method> <!-- driverQuit -->
        <test-method is-config="true" signature="initializeBrowser(java.lang.String)[pri:0, instance:testScript.CategoryTest@7817fd62]" started-at="2025-05-26T18:18:05 IST" name="initializeBrowser" finished-at="2025-05-26T18:18:07 IST" duration-ms="1858" status="PASS">
          <params>
            <param index="0">
              <value>
                <![CDATA[Chrome]]>
              </value>
            </param>
          </params>
          <reporter-output>
          </reporter-output>
        </test-method> <!-- initializeBrowser -->
        <test-method signature="deleteCategoryItem()[pri:6, instance:testScript.CategoryTest@7817fd62]" started-at="2025-05-26T18:18:07 IST" name="deleteCategoryItem" finished-at="2025-05-26T18:18:08 IST" duration-ms="1788" status="PASS">
          <reporter-output>
          </reporter-output>
        </test-method> <!-- deleteCategoryItem -->
        <test-method is-config="true" signature="driverQuit(org.testng.ITestResult)[pri:0, instance:testScript.CategoryTest@7817fd62]" started-at="2025-05-26T18:18:08 IST" name="driverQuit" finished-at="2025-05-26T18:18:09 IST" duration-ms="174" status="PASS">
          <params>
            <param index="0">
              <value>
                <![CDATA[[TestResult name=deleteCategoryItem status=SUCCESS method=CategoryTest.deleteCategoryItem()[pri:6, instance:testScript.CategoryTest@7817fd62] output={null}]]]>
              </value>
            </param>
          </params>
          <reporter-output>
          </reporter-output>
        </test-method> <!-- driverQuit -->
      </class> <!-- testScript.CategoryTest -->
    </test> <!-- MyTest -->
  </suite> <!-- MyTestSuite -->
</testng-results>
