<?xml version="1.0" encoding="UTF-8"?>
<!-- Generated by org.testng.reporters.JUnitXMLReporter -->
<testsuite ignored="2" hostname="LAPTOP-F3JRHJJR" failures="0" tests="3" name="MyTest" time="9.315" errors="0" timestamp="2025-06-05T08:37:21 IST">
  <testcase classname="testScript.LoginTest" name="verifyUserLoginWithInvalidPasswordValidUsername" time="0.413"/>
  <testcase classname="testScript.LoginTest" name="verifyUserLoginWithInvalidPasswordValidUsername" time="0.435"/>
  <testcase classname="testScript.LoginTest" name="verifyUserLoginWithInvalidPasswordValidUsername" time="0.414"/>
  <testcase classname="testScript.LoginTest" name="verifyUserLoginWithValidCredentials" time="0.0">
    <ignored/>
  </testcase> <!-- verifyUserLoginWithValidCredentials -->
  <testcase classname="testScript.LoginTest" name="verifyUserLoginWithInValidCredentials" time="0.0">
    <ignored/>
  </testcase> <!-- verifyUserLoginWithInValidCredentials -->
</testsuite> <!-- MyTest -->
