<?xml version="1.0" encoding="UTF-8"?>
<!-- Generated by org.testng.reporters.JUnitXMLReporter -->
<testsuite ignored="0" hostname="LAPTOP-F3JRHJJR" failures="0" tests="16" name="MyTest" time="56.398" errors="0" timestamp="2025-06-05T08:29:21 IST">
  <testcase classname="automationCore.Base" name="@BeforeMethod initializeBrowser" time="2.906">
    <failure type="org.openqa.selenium.WebDriverException" message="unknown error: JavaScript code failed
from unknown command: &amp;apos;Runtime.evaluate&amp;apos; wasn&amp;apos;t found
  (Session info: chrome=136.0.7103.114)
Build info: version: &amp;apos;4.31.0&amp;apos;, revision: &amp;apos;1ef9f18787*&amp;apos;
System info: os.name: &amp;apos;Windows 11&amp;apos;, os.arch: &amp;apos;amd64&amp;apos;, os.version: &amp;apos;10.0&amp;apos;, java.version: &amp;apos;21.0.6&amp;apos;
Driver info: org.openqa.selenium.chrome.ChromeDriver
Command: [e10c5f661a692fbf35490bf7d11aa86a, maximizeCurrentWindow {}]
Capabilities {acceptInsecureCerts: false, browserName: chrome, browserVersion: 136.0.7103.114, chrome: {chromedriverVersion: 136.0.7103.113 (76fa3c17824..., userDataDir: C:\Users\ATHIRA~1\AppData\L...}, fedcm:accounts: true, goog:chromeOptions: {debuggerAddress: localhost:51926}, networkConnectionEnabled: false, pageLoadStrategy: normal, platformName: windows, proxy: Proxy(), se:cdp: ws://localhost:51926/devtoo..., se:cdpVersion: 136.0.7103.114, setWindowRect: true, strictFileInteractability: false, timeouts: {implicit: 0, pageLoad: 300000, script: 30000}, unhandledPromptBehavior: dismiss and notify, webauthn:extension:credBlob: true, webauthn:extension:largeBlob: true, webauthn:extension:minPinLength: true, webauthn:extension:prf: true, webauthn:virtualAuthenticators: true}
Session ID: e10c5f661a692fbf35490bf7d11aa86a">
      <![CDATA[org.openqa.selenium.WebDriverException: unknown error: JavaScript code failed
from unknown command: 'Runtime.evaluate' wasn't found
  (Session info: chrome=136.0.7103.114)
Build info: version: '4.31.0', revision: '1ef9f18787*'
System info: os.name: 'Windows 11', os.arch: 'amd64', os.version: '10.0', java.version: '21.0.6'
Driver info: org.openqa.selenium.chrome.ChromeDriver
Command: [e10c5f661a692fbf35490bf7d11aa86a, maximizeCurrentWindow {}]
Capabilities {acceptInsecureCerts: false, browserName: chrome, browserVersion: 136.0.7103.114, chrome: {chromedriverVersion: 136.0.7103.113 (76fa3c17824..., userDataDir: C:\Users\ATHIRA~1\AppData\L...}, fedcm:accounts: true, goog:chromeOptions: {debuggerAddress: localhost:51926}, networkConnectionEnabled: false, pageLoadStrategy: normal, platformName: windows, proxy: Proxy(), se:cdp: ws://localhost:51926/devtoo..., se:cdpVersion: 136.0.7103.114, setWindowRect: true, strictFileInteractability: false, timeouts: {implicit: 0, pageLoad: 300000, script: 30000}, unhandledPromptBehavior: dismiss and notify, webauthn:extension:credBlob: true, webauthn:extension:largeBlob: true, webauthn:extension:minPinLength: true, webauthn:extension:prf: true, webauthn:virtualAuthenticators: true}
Session ID: e10c5f661a692fbf35490bf7d11aa86a
at org.openqa.selenium.remote.ErrorCodec.decode(ErrorCodec.java:167)
at org.openqa.selenium.remote.codec.w3c.W3CHttpResponseCodec.decode(W3CHttpResponseCodec.java:138)
at org.openqa.selenium.remote.codec.w3c.W3CHttpResponseCodec.decode(W3CHttpResponseCodec.java:50)
at org.openqa.selenium.remote.HttpCommandExecutor.execute(HttpCommandExecutor.java:215)
at org.openqa.selenium.remote.service.DriverCommandExecutor.invokeExecute(DriverCommandExecutor.java:216)
at org.openqa.selenium.remote.service.DriverCommandExecutor.execute(DriverCommandExecutor.java:174)
at org.openqa.selenium.remote.RemoteWebDriver.execute(RemoteWebDriver.java:545)
at org.openqa.selenium.remote.RemoteWebDriver.execute(RemoteWebDriver.java:618)
at org.openqa.selenium.remote.RemoteWebDriver.execute(RemoteWebDriver.java:622)
at org.openqa.selenium.remote.RemoteWebDriver$RemoteWebDriverOptions$RemoteWindow.maximize(RemoteWebDriver.java:1067)
at automationCore.Base.initializeBrowser(Base.java:51)
at java.base/java.util.ArrayList.forEach(ArrayList.java:1596)
... Removed 32 stack frames]]>
    </failure>
  </testcase> <!-- @BeforeMethod initializeBrowser -->
  <testcase classname="automationCore.Base" name="@AfterMethod driverQuit" time="0.0">
    <skipped/>
  </testcase> <!-- @AfterMethod driverQuit -->
  <testcase classname="automationCore.Base" name="@BeforeMethod initializeBrowser" time="0.0">
    <skipped/>
  </testcase> <!-- @BeforeMethod initializeBrowser -->
  <testcase classname="automationCore.Base" name="@AfterMethod driverQuit" time="0.0">
    <skipped/>
  </testcase> <!-- @AfterMethod driverQuit -->
  <testcase classname="automationCore.Base" name="@BeforeMethod initializeBrowser" time="0.0">
    <skipped/>
  </testcase> <!-- @BeforeMethod initializeBrowser -->
  <testcase classname="automationCore.Base" name="@AfterMethod driverQuit" time="0.0">
    <skipped/>
  </testcase> <!-- @AfterMethod driverQuit -->
  <testcase classname="testScript.LoginTest" name="verifyUserLoginWithInValidCredentials" time="1.068"/>
  <testcase classname="testScript.LoginTest" name="verifyUserLoginWithInvalidPasswordValidUsername" time="0.364"/>
  <testcase classname="testScript.LoginTest" name="verifyUserLoginWithInvalidPasswordValidUsername" time="0.491"/>
  <testcase classname="testScript.LoginTest" name="verifyUserLoginWithInvalidPasswordValidUsername" time="0.415"/>
  <testcase classname="testScript.LoginTest" name="verifyUserLoginWithValidCredentials" time="0.8"/>
  <testcase classname="testScript.CategoryTest" name="verifyAddNewCategoryWithValidDetails" time="2.352"/>
  <testcase classname="testScript.CategoryTest" name="searchCategory" time="1.707"/>
  <testcase classname="testScript.CategoryTest" name="resetSearch" time="1.972"/>
  <testcase classname="testScript.CategoryTest" name="updateCategory" time="2.796"/>
  <testcase classname="testScript.CategoryTest" name="changeStatusOfItem" time="1.98"/>
  <testcase classname="testScript.CategoryTest" name="deleteCategoryItem" time="2.105"/>
  <testcase classname="testScript.NewsTest" name="verifyAddNews" time="1.775"/>
  <testcase classname="testScript.NewsTest" name="searchAddedNews" time="1.521"/>
  <testcase classname="testScript.NewsTest" name="resetSearch" time="0.0">
    <skipped/>
  </testcase> <!-- resetSearch -->
  <testcase classname="testScript.NewsTest" name="updateNews" time="0.0">
    <skipped/>
  </testcase> <!-- updateNews -->
  <testcase classname="testScript.NewsTest" name="deleteNewsItem" time="0.0">
    <skipped/>
  </testcase> <!-- deleteNewsItem -->
</testsuite> <!-- MyTest -->
