<?xml version="1.0" encoding="UTF-8"?>
<!-- Generated by org.testng.reporters.JUnitXMLReporter -->
<testsuite ignored="0" hostname="LAPTOP-F3JRHJJR" failures="0" tests="16" name="MyTest" time="64.164" errors="0" timestamp="2025-05-26T18:18:32 IST">
  <testcase classname="testScript.LoginTest" name="verifyUserLoginWithInValidCredentials" time="1.266"/>
  <testcase classname="testScript.LoginTest" name="verifyUserLoginWithInvalidPasswordValidUsername" time="0.449"/>
  <testcase classname="testScript.LoginTest" name="verifyUserLoginWithInvalidPasswordValidUsername" time="0.389"/>
  <testcase classname="testScript.LoginTest" name="verifyUserLoginWithInvalidPasswordValidUsername" time="0.432"/>
  <testcase classname="testScript.LoginTest" name="verifyUserLoginWithValidCredentials" time="0.98"/>
  <testcase classname="testScript.CategoryTest" name="verifyAddNewCategoryWithValidDetails" time="2.179"/>
  <testcase classname="testScript.CategoryTest" name="searchCategory" time="1.484"/>
  <testcase classname="testScript.CategoryTest" name="resetSearch" time="1.78"/>
  <testcase classname="testScript.CategoryTest" name="updateCategory" time="2.639"/>
  <testcase classname="testScript.CategoryTest" name="changeStatusOfItem" time="1.988"/>
  <testcase classname="testScript.CategoryTest" name="deleteCategoryItem" time="1.788"/>
  <testcase classname="testScript.NewsTest" name="verifyAddNews" time="1.711"/>
  <testcase classname="testScript.NewsTest" name="searchCategory" time="1.866"/>
  <testcase classname="testScript.NewsTest" name="resetSearch" time="1.588"/>
  <testcase classname="testScript.NewsTest" name="updateNews" time="3.897"/>
  <testcase classname="testScript.NewsTest" name="deleteNewsItem" time="1.7"/>
</testsuite> <!-- MyTest -->
