<?xml version="1.0" encoding="UTF-8"?>
<!-- Generated by org.testng.reporters.JUnitXMLReporter -->
<testsuite ignored="2" hostname="LAPTOP-F3JRHJJR" failures="0" tests="1" name="MyTest1" time="4.4" errors="0" timestamp="2025-06-05T08:36:49 IST">
  <testcase classname="testScript.LoginTest" name="verifyUserLoginWithInValidCredentials" time="1.153"/>
  <testcase classname="testScript.LoginTest" name="verifyUserLoginWithValidCredentials" time="0.0">
    <ignored/>
  </testcase> <!-- verifyUserLoginWithValidCredentials -->
  <testcase classname="testScript.LoginTest" name="verifyUserLoginWithInvalidPasswordValidUsername" time="0.0">
    <ignored/>
  </testcase> <!-- verifyUserLoginWithInvalidPasswordValidUsername -->
</testsuite> <!-- MyTest1 -->
