<?xml version="1.0" encoding="UTF-8"?>
<!-- Generated by org.testng.reporters.JUnitXMLReporter -->
<testsuite ignored="5" hostname="LAPTOP-F3JRHJJR" failures="0" tests="1" name="MyTest2" time="7.614" errors="0" timestamp="2025-06-05T08:36:53 IST">
  <testcase classname="testScript.CategoryTest" name="verifyAddNewCategoryWithValidDetails" time="4.13"/>
  <testcase classname="testScript.CategoryTest" name="deleteCategoryItem" time="0.0">
    <ignored/>
  </testcase> <!-- deleteCategoryItem -->
  <testcase classname="testScript.CategoryTest" name="changeStatusOfItem" time="0.0">
    <ignored/>
  </testcase> <!-- changeStatusOfItem -->
  <testcase classname="testScript.CategoryTest" name="resetSearch" time="0.0">
    <ignored/>
  </testcase> <!-- resetSearch -->
  <testcase classname="testScript.CategoryTest" name="searchCategory" time="0.0">
    <ignored/>
  </testcase> <!-- searchCategory -->
  <testcase classname="testScript.CategoryTest" name="updateCategory" time="0.0">
    <ignored/>
  </testcase> <!-- updateCategory -->
</testsuite> <!-- MyTest2 -->
