<?xml version="1.0" encoding="UTF-8"?>
<!-- Generated by org.testng.reporters.JUnitXMLReporter -->
<testsuite ignored="0" hostname="LAPTOP-F3JRHJJR" failures="0" tests="6" name="EdgeTest" time="55.247" errors="0" timestamp="2025-06-05T08:12:09 IST">
  <testcase classname="testScript.CategoryTest" name="verifyAddNewCategoryWithValidDetails" time="3.099"/>
  <testcase classname="testScript.CategoryTest" name="searchCategory" time="1.665"/>
  <testcase classname="testScript.CategoryTest" name="resetSearch" time="1.947"/>
  <testcase classname="testScript.CategoryTest" name="updateCategory" time="3.029"/>
  <testcase classname="testScript.CategoryTest" name="changeStatusOfItem" time="2.199"/>
  <testcase classname="testScript.CategoryTest" name="deleteCategoryItem" time="2.666"/>
</testsuite> <!-- EdgeTest -->
